<testsuites id="" name="" tests="59" failures="0" skipped="1" errors="0" time="218.99892000000003">
<testsuite name="03_bulletinTest.spec.js" timestamp="2025-10-06T07:06:50.629Z" hostname="chromium" tests="59" failures="0" skipped="1" time="212.2" errors="0">
<testcase name="Bulletin › Delete all message if available › delete all" classname="03_bulletinTest.spec.js" time="0">
<properties>
<property name="skip" value="">
</property>
</properties>
<skipped>
</skipped>
</testcase>
<testcase name="Bulletin › Send Message › verify send a message" classname="03_bulletinTest.spec.js" time="6.758">
<system-out>
<![CDATA[[INFO] 2025-10-06T07:06:51.235Z - browser is launching
Current hostname is: qa.zillit.com
[INFO] 2025-10-06T07:06:54.123Z - QA environment is started...
]]>
</system-out>
</testcase>
<testcase name="Bulletin › Send Message › verify edit the message" classname="03_bulletinTest.spec.js" time="2.275">
<system-out>
<![CDATA[Dropdown list items: [
  [32m'Reply'[39m,
  [32m'Edit Message'[39m,
  [32m'Forward'[39m,
  [32m'Delete'[39m,
  [32m'Read By'[39m,
  [32m'Forward to Remote Projects'[39m
]
]]>
</system-out>
</testcase>
<testcase name="Bulletin › Send Message › verify read by status on message" classname="03_bulletinTest.spec.js" time="2.259">
<system-out>
<![CDATA[Dropdown list items: [
  [32m'Reply'[39m,
  [32m'Edit Message'[39m,
  [32m'Forward'[39m,
  [32m'Delete'[39m,
  [32m'Read By'[39m,
  [32m'Forward to Remote Projects'[39m
]
]]>
</system-out>
</testcase>
<testcase name="Bulletin › Send Message › verify forward the message" classname="03_bulletinTest.spec.js" time="6.269">
<system-out>
<![CDATA[Dropdown list items: [
  [32m'Reply'[39m,
  [32m'Edit Message'[39m,
  [32m'Forward'[39m,
  [32m'Delete'[39m,
  [32m'Read By'[39m,
  [32m'Forward to Remote Projects'[39m
]
]]>
</system-out>
</testcase>
<testcase name="Bulletin › Send Message › verify reply to the message" classname="03_bulletinTest.spec.js" time="1.463">
<system-out>
<![CDATA[Dropdown list items: [
  [32m'Reply'[39m,
  [32m'Edit Message'[39m,
  [32m'Forward'[39m,
  [32m'Delete'[39m,
  [32m'Read By'[39m,
  [32m'Forward to Remote Projects'[39m
]
]]>
</system-out>
</testcase>
<testcase name="Bulletin › Send Message › verify the edit the reply message" classname="03_bulletinTest.spec.js" time="2.061">
<system-out>
<![CDATA[Dropdown list items: [ [32m'Edit Message'[39m, [32m'Delete'[39m, [32m'Read By'[39m ]
]]>
</system-out>
</testcase>
<testcase name="Bulletin › Send Message › verify the read by status on reply message" classname="03_bulletinTest.spec.js" time="2.279">
<system-out>
<![CDATA[Dropdown list items: [ [32m'Edit Message'[39m, [32m'Delete'[39m, [32m'Read By'[39m ]
]]>
</system-out>
</testcase>
<testcase name="Bulletin › Send Message › verify the delete the reply message" classname="03_bulletinTest.spec.js" time="5.902">
<system-out>
<![CDATA[Dropdown list items: [ [32m'Edit Message'[39m, [32m'Delete'[39m, [32m'Read By'[39m ]
]]>
</system-out>
</testcase>
<testcase name="Bulletin › Send Message › verify the delete message" classname="03_bulletinTest.spec.js" time="5.831">
<system-out>
<![CDATA[Dropdown list items: [
  [32m'Reply'[39m,
  [32m'Edit Message'[39m,
  [32m'Forward'[39m,
  [32m'Delete'[39m,
  [32m'Read By'[39m,
  [32m'Forward to Remote Projects'[39m
]
]]>
</system-out>
</testcase>
<testcase name="Bulletin › Send Image › verify the send a image" classname="03_bulletinTest.spec.js" time="2.4">
</testcase>
<testcase name="Bulletin › Send Image › verify the readBy status" classname="03_bulletinTest.spec.js" time="2.27">
<system-out>
<![CDATA[Dropdown list items: [
  [32m'Reply'[39m,
  [32m'Forward'[39m,
  [32m'Delete'[39m,
  [32m'Save'[39m,
  [32m'Image Reply'[39m,
  [32m'Read By'[39m,
  [32m'Distribute'[39m,
  [32m'Forward to Remote Projects'[39m
]
]]>
</system-out>
</testcase>
<testcase name="Bulletin › Send Image › verify the forward" classname="03_bulletinTest.spec.js" time="6.222">
<system-out>
<![CDATA[Dropdown list items: [
  [32m'Reply'[39m,
  [32m'Forward'[39m,
  [32m'Delete'[39m,
  [32m'Save'[39m,
  [32m'Image Reply'[39m,
  [32m'Read By'[39m,
  [32m'Distribute'[39m,
  [32m'Forward to Remote Projects'[39m
]
]]>
</system-out>
</testcase>
<testcase name="Bulletin › Send Image › verify the reply" classname="03_bulletinTest.spec.js" time="1.402">
<system-out>
<![CDATA[Dropdown list items: [
  [32m'Reply'[39m,
  [32m'Forward'[39m,
  [32m'Delete'[39m,
  [32m'Save'[39m,
  [32m'Image Reply'[39m,
  [32m'Read By'[39m,
  [32m'Distribute'[39m,
  [32m'Forward to Remote Projects'[39m
]
]]>
</system-out>
</testcase>
<testcase name="Bulletin › Send Image › verify the edit reply" classname="03_bulletinTest.spec.js" time="2.127">
<system-out>
<![CDATA[Dropdown list items: [ [32m'Edit Message'[39m, [32m'Delete'[39m, [32m'Read By'[39m ]
]]>
</system-out>
</testcase>
<testcase name="Bulletin › Send Image › verify the readBy reply" classname="03_bulletinTest.spec.js" time="1.971">
<system-out>
<![CDATA[Dropdown list items: [ [32m'Edit Message'[39m, [32m'Delete'[39m, [32m'Read By'[39m ]
]]>
</system-out>
</testcase>
<testcase name="Bulletin › Send Image › verify the delete reply" classname="03_bulletinTest.spec.js" time="5.579">
<system-out>
<![CDATA[Dropdown list items: [ [32m'Edit Message'[39m, [32m'Delete'[39m, [32m'Read By'[39m ]
]]>
</system-out>
</testcase>
<testcase name="Bulletin › Send Image › verify the save or download" classname="03_bulletinTest.spec.js" time="0.9">
<system-out>
<![CDATA[Dropdown list items: [
  [32m'Reply'[39m,
  [32m'Forward'[39m,
  [32m'Delete'[39m,
  [32m'Save'[39m,
  [32m'Image Reply'[39m,
  [32m'Read By'[39m,
  [32m'Distribute'[39m,
  [32m'Forward to Remote Projects'[39m
]
]]>
</system-out>
</testcase>
<testcase name="Bulletin › Send Image › verify the distribute" classname="03_bulletinTest.spec.js" time="5.777">
<system-out>
<![CDATA[Dropdown list items: [
  [32m'Reply'[39m,
  [32m'Forward'[39m,
  [32m'Delete'[39m,
  [32m'Save'[39m,
  [32m'Image Reply'[39m,
  [32m'Read By'[39m,
  [32m'Distribute'[39m,
  [32m'Forward to Remote Projects'[39m
]
]]>
</system-out>
</testcase>
<testcase name="Bulletin › Send Image › verify the delete image" classname="03_bulletinTest.spec.js" time="5.816">
<system-out>
<![CDATA[Dropdown list items: [
  [32m'Reply'[39m,
  [32m'Forward'[39m,
  [32m'Delete'[39m,
  [32m'Save'[39m,
  [32m'Image Reply'[39m,
  [32m'Read By'[39m,
  [32m'Distribute'[39m,
  [32m'Forward to Remote Projects'[39m
]
]]>
</system-out>
</testcase>
<testcase name="Bulletin › Send Video › verify the send a video" classname="03_bulletinTest.spec.js" time="2.821">
</testcase>
<testcase name="Bulletin › Send Video › verify the readBy status" classname="03_bulletinTest.spec.js" time="2.408">
<system-out>
<![CDATA[Dropdown list items: [
  [32m'Reply'[39m,
  [32m'Forward'[39m,
  [32m'Delete'[39m,
  [32m'Save'[39m,
  [32m'Read By'[39m,
  [32m'Distribute'[39m,
  [32m'Forward to Remote Projects'[39m
]
]]>
</system-out>
</testcase>
<testcase name="Bulletin › Send Video › verify the forward" classname="03_bulletinTest.spec.js" time="5.898">
<system-out>
<![CDATA[Dropdown list items: [
  [32m'Reply'[39m,
  [32m'Forward'[39m,
  [32m'Delete'[39m,
  [32m'Save'[39m,
  [32m'Read By'[39m,
  [32m'Distribute'[39m,
  [32m'Forward to Remote Projects'[39m
]
]]>
</system-out>
</testcase>
<testcase name="Bulletin › Send Video › verify the reply" classname="03_bulletinTest.spec.js" time="1.395">
<system-out>
<![CDATA[Dropdown list items: [
  [32m'Reply'[39m,
  [32m'Forward'[39m,
  [32m'Delete'[39m,
  [32m'Save'[39m,
  [32m'Read By'[39m,
  [32m'Distribute'[39m,
  [32m'Forward to Remote Projects'[39m
]
]]>
</system-out>
</testcase>
<testcase name="Bulletin › Send Video › verify the edit reply" classname="03_bulletinTest.spec.js" time="2.131">
<system-out>
<![CDATA[Dropdown list items: [ [32m'Edit Message'[39m, [32m'Delete'[39m, [32m'Read By'[39m ]
]]>
</system-out>
</testcase>
<testcase name="Bulletin › Send Video › verify the readBy reply" classname="03_bulletinTest.spec.js" time="2.209">
<system-out>
<![CDATA[Dropdown list items: [ [32m'Edit Message'[39m, [32m'Delete'[39m, [32m'Read By'[39m ]
]]>
</system-out>
</testcase>
<testcase name="Bulletin › Send Video › verify the delete reply" classname="03_bulletinTest.spec.js" time="5.673">
<system-out>
<![CDATA[Dropdown list items: [ [32m'Edit Message'[39m, [32m'Delete'[39m, [32m'Read By'[39m ]
]]>
</system-out>
</testcase>
<testcase name="Bulletin › Send Video › verify the save or download" classname="03_bulletinTest.spec.js" time="0.894">
<system-out>
<![CDATA[Dropdown list items: [
  [32m'Reply'[39m,
  [32m'Forward'[39m,
  [32m'Delete'[39m,
  [32m'Save'[39m,
  [32m'Read By'[39m,
  [32m'Distribute'[39m,
  [32m'Forward to Remote Projects'[39m
]
]]>
</system-out>
</testcase>
<testcase name="Bulletin › Send Video › verify the distribute" classname="03_bulletinTest.spec.js" time="5.558">
<system-out>
<![CDATA[Dropdown list items: [
  [32m'Reply'[39m,
  [32m'Forward'[39m,
  [32m'Delete'[39m,
  [32m'Save'[39m,
  [32m'Read By'[39m,
  [32m'Distribute'[39m,
  [32m'Forward to Remote Projects'[39m
]
]]>
</system-out>
</testcase>
<testcase name="Bulletin › Send Video › verify the delete video" classname="03_bulletinTest.spec.js" time="5.789">
<system-out>
<![CDATA[Dropdown list items: [
  [32m'Reply'[39m,
  [32m'Forward'[39m,
  [32m'Delete'[39m,
  [32m'Save'[39m,
  [32m'Read By'[39m,
  [32m'Distribute'[39m,
  [32m'Forward to Remote Projects'[39m
]
]]>
</system-out>
</testcase>
<testcase name="Bulletin › Send Audio › verify the send a audio" classname="03_bulletinTest.spec.js" time="2.275">
</testcase>
<testcase name="Bulletin › Send Audio › verify the readBy status" classname="03_bulletinTest.spec.js" time="2.286">
<system-out>
<![CDATA[Dropdown list items: [
  [32m'Reply'[39m,
  [32m'Forward'[39m,
  [32m'Delete'[39m,
  [32m'Save'[39m,
  [32m'Read By'[39m,
  [32m'Distribute'[39m,
  [32m'Forward to Remote Projects'[39m
]
]]>
</system-out>
</testcase>
<testcase name="Bulletin › Send Audio › verify the forward" classname="03_bulletinTest.spec.js" time="5.876">
<system-out>
<![CDATA[Dropdown list items: [
  [32m'Reply'[39m,
  [32m'Forward'[39m,
  [32m'Delete'[39m,
  [32m'Save'[39m,
  [32m'Read By'[39m,
  [32m'Distribute'[39m,
  [32m'Forward to Remote Projects'[39m
]
]]>
</system-out>
</testcase>
<testcase name="Bulletin › Send Audio › verify the reply" classname="03_bulletinTest.spec.js" time="1.462">
<system-out>
<![CDATA[Dropdown list items: [
  [32m'Reply'[39m,
  [32m'Forward'[39m,
  [32m'Delete'[39m,
  [32m'Save'[39m,
  [32m'Read By'[39m,
  [32m'Distribute'[39m,
  [32m'Forward to Remote Projects'[39m
]
]]>
</system-out>
</testcase>
<testcase name="Bulletin › Send Audio › verify the edit reply" classname="03_bulletinTest.spec.js" time="2.64">
<system-out>
<![CDATA[Dropdown list items: [ [32m'Edit Message'[39m, [32m'Delete'[39m, [32m'Read By'[39m ]
]]>
</system-out>
</testcase>
<testcase name="Bulletin › Send Audio › verify the readBy reply" classname="03_bulletinTest.spec.js" time="2.098">
<system-out>
<![CDATA[Dropdown list items: [ [32m'Edit Message'[39m, [32m'Delete'[39m, [32m'Read By'[39m ]
]]>
</system-out>
</testcase>
<testcase name="Bulletin › Send Audio › verify the delete reply" classname="03_bulletinTest.spec.js" time="5.584">
<system-out>
<![CDATA[Dropdown list items: [ [32m'Edit Message'[39m, [32m'Delete'[39m, [32m'Read By'[39m ]
]]>
</system-out>
</testcase>
<testcase name="Bulletin › Send Audio › verify the save or download" classname="03_bulletinTest.spec.js" time="1.008">
<system-out>
<![CDATA[Dropdown list items: [
  [32m'Reply'[39m,
  [32m'Forward'[39m,
  [32m'Delete'[39m,
  [32m'Save'[39m,
  [32m'Read By'[39m,
  [32m'Distribute'[39m,
  [32m'Forward to Remote Projects'[39m
]
]]>
</system-out>
</testcase>
<testcase name="Bulletin › Send Audio › verify the distribute" classname="03_bulletinTest.spec.js" time="5.596">
<system-out>
<![CDATA[Dropdown list items: [
  [32m'Reply'[39m,
  [32m'Forward'[39m,
  [32m'Delete'[39m,
  [32m'Save'[39m,
  [32m'Read By'[39m,
  [32m'Distribute'[39m,
  [32m'Forward to Remote Projects'[39m
]
]]>
</system-out>
</testcase>
<testcase name="Bulletin › Send Audio › verify the delete audio" classname="03_bulletinTest.spec.js" time="5.966">
<system-out>
<![CDATA[Dropdown list items: [
  [32m'Reply'[39m,
  [32m'Forward'[39m,
  [32m'Delete'[39m,
  [32m'Save'[39m,
  [32m'Read By'[39m,
  [32m'Distribute'[39m,
  [32m'Forward to Remote Projects'[39m
]
]]>
</system-out>
</testcase>
<testcase name="Bulletin › Send Document › verify the send a document" classname="03_bulletinTest.spec.js" time="0.979">
</testcase>
<testcase name="Bulletin › Send Document › verify the readBy status" classname="03_bulletinTest.spec.js" time="3.682">
<system-out>
<![CDATA[Dropdown list items: [
  [32m'Reply'[39m,
  [32m'Forward'[39m,
  [32m'Delete'[39m,
  [32m'Save'[39m,
  [32m'Read By'[39m,
  [32m'Distribute'[39m,
  [32m'Forward to Remote Projects'[39m
]
]]>
</system-out>
</testcase>
<testcase name="Bulletin › Send Document › verify the forward" classname="03_bulletinTest.spec.js" time="6.157">
<system-out>
<![CDATA[Dropdown list items: [
  [32m'Reply'[39m,
  [32m'Forward'[39m,
  [32m'Delete'[39m,
  [32m'Save'[39m,
  [32m'Read By'[39m,
  [32m'Distribute'[39m,
  [32m'Forward to Remote Projects'[39m
]
]]>
</system-out>
</testcase>
<testcase name="Bulletin › Send Document › verify the reply" classname="03_bulletinTest.spec.js" time="1.377">
<system-out>
<![CDATA[Dropdown list items: [
  [32m'Reply'[39m,
  [32m'Forward'[39m,
  [32m'Delete'[39m,
  [32m'Save'[39m,
  [32m'Read By'[39m,
  [32m'Distribute'[39m,
  [32m'Forward to Remote Projects'[39m
]
]]>
</system-out>
</testcase>
<testcase name="Bulletin › Send Document › verify the edit reply" classname="03_bulletinTest.spec.js" time="2.574">
<system-out>
<![CDATA[Dropdown list items: [ [32m'Edit Message'[39m, [32m'Delete'[39m, [32m'Read By'[39m ]
]]>
</system-out>
</testcase>
<testcase name="Bulletin › Send Document › verify the readBy reply" classname="03_bulletinTest.spec.js" time="1.966">
<system-out>
<![CDATA[Dropdown list items: [ [32m'Edit Message'[39m, [32m'Delete'[39m, [32m'Read By'[39m ]
]]>
</system-out>
</testcase>
<testcase name="Bulletin › Send Document › verify the delete reply" classname="03_bulletinTest.spec.js" time="5.469">
<system-out>
<![CDATA[Dropdown list items: [ [32m'Edit Message'[39m, [32m'Delete'[39m, [32m'Read By'[39m ]
]]>
</system-out>
</testcase>
<testcase name="Bulletin › Send Document › verify the save or download" classname="03_bulletinTest.spec.js" time="0.91">
<system-out>
<![CDATA[Dropdown list items: [
  [32m'Reply'[39m,
  [32m'Forward'[39m,
  [32m'Delete'[39m,
  [32m'Save'[39m,
  [32m'Read By'[39m,
  [32m'Distribute'[39m,
  [32m'Forward to Remote Projects'[39m
]
]]>
</system-out>
</testcase>
<testcase name="Bulletin › Send Document › verify the distribute" classname="03_bulletinTest.spec.js" time="8.664">
<system-out>
<![CDATA[Dropdown list items: [
  [32m'Reply'[39m,
  [32m'Forward'[39m,
  [32m'Delete'[39m,
  [32m'Save'[39m,
  [32m'Read By'[39m,
  [32m'Distribute'[39m,
  [32m'Forward to Remote Projects'[39m
]
]]>
</system-out>
</testcase>
<testcase name="Bulletin › Send Document › verify the delete document" classname="03_bulletinTest.spec.js" time="5.888">
<system-out>
<![CDATA[Dropdown list items: [
  [32m'Reply'[39m,
  [32m'Forward'[39m,
  [32m'Delete'[39m,
  [32m'Save'[39m,
  [32m'Read By'[39m,
  [32m'Distribute'[39m,
  [32m'Forward to Remote Projects'[39m
]
]]>
</system-out>
</testcase>
<testcase name="Bulletin › Send Location › verify the send a location" classname="03_bulletinTest.spec.js" time="6.564">
</testcase>
<testcase name="Bulletin › Send Location › verify the readBy status" classname="03_bulletinTest.spec.js" time="2.268">
<system-out>
<![CDATA[Dropdown list items: [
  [32m'Reply'[39m,
  [32m'Forward'[39m,
  [32m'Delete'[39m,
  [32m'Read By'[39m,
  [32m'Forward to Remote Projects'[39m
]
]]>
</system-out>
</testcase>
<testcase name="Bulletin › Send Location › verify the forward" classname="03_bulletinTest.spec.js" time="5.85">
<system-out>
<![CDATA[Dropdown list items: [
  [32m'Reply'[39m,
  [32m'Forward'[39m,
  [32m'Delete'[39m,
  [32m'Read By'[39m,
  [32m'Forward to Remote Projects'[39m
]
]]>
</system-out>
</testcase>
<testcase name="Bulletin › Send Location › verify the reply" classname="03_bulletinTest.spec.js" time="1.037">
<system-out>
<![CDATA[Dropdown list items: [
  [32m'Reply'[39m,
  [32m'Forward'[39m,
  [32m'Delete'[39m,
  [32m'Read By'[39m,
  [32m'Forward to Remote Projects'[39m
]
]]>
</system-out>
</testcase>
<testcase name="Bulletin › Send Location › verify the edit reply" classname="03_bulletinTest.spec.js" time="2.096">
<system-out>
<![CDATA[Dropdown list items: [ [32m'Edit Message'[39m, [32m'Delete'[39m, [32m'Read By'[39m ]
]]>
</system-out>
</testcase>
<testcase name="Bulletin › Send Location › verify the readBy reply" classname="03_bulletinTest.spec.js" time="2.195">
<system-out>
<![CDATA[Dropdown list items: [ [32m'Edit Message'[39m, [32m'Delete'[39m, [32m'Read By'[39m ]
]]>
</system-out>
</testcase>
<testcase name="Bulletin › Send Location › verify the delete reply" classname="03_bulletinTest.spec.js" time="4.454">
<system-out>
<![CDATA[Dropdown list items: [ [32m'Edit Message'[39m, [32m'Delete'[39m, [32m'Read By'[39m ]
]]>
</system-out>
</testcase>
<testcase name="Bulletin › Send Location › verify the delete location" classname="03_bulletinTest.spec.js" time="5.763">
<system-out>
<![CDATA[Dropdown list items: [
  [32m'Reply'[39m,
  [32m'Forward'[39m,
  [32m'Delete'[39m,
  [32m'Read By'[39m,
  [32m'Forward to Remote Projects'[39m
]
]]>
</system-out>
</testcase>
<testcase name="Bulletin › Send Image Reply › verify send a image reply" classname="03_bulletinTest.spec.js" time="5.179">
<system-out>
<![CDATA[Dropdown list items: [
  [32m'Reply'[39m,
  [32m'Forward'[39m,
  [32m'Delete'[39m,
  [32m'Save'[39m,
  [32m'Image Reply'[39m,
  [32m'Read By'[39m,
  [32m'Distribute'[39m,
  [32m'Forward to Remote Projects'[39m
]
[INFO] 2025-10-06T07:10:29.130Z - close browser
]]>
</system-out>
</testcase>
</testsuite>
</testsuites>