<testsuites id="" name="" tests="1" failures="0" skipped="0" errors="0" time="21.646478">
<testsuite name="07_tool-customizationTest.spec.js" timestamp="2025-12-15T09:43:34.212Z" hostname="chromium" tests="1" failures="0" skipped="0" time="5.888" errors="0">
<testcase name="Tools Customization › tool customization › verify enable all the module of tools" classname="07_tool-customizationTest.spec.js" time="5.888">
<system-out>
<![CDATA[[INFO] 2025-12-15T09:43:35.384Z - browser is launching
[INFO] 2025-12-15T09:43:46.867Z - open the project
Current hostname is: qa.zillit.com
[INFO] 2025-12-15T09:43:46.868Z - QA environment is started...
[
  [32m'constructor'[39m,         [32m'clickProjectName'[39m,
  [32m'homeUnitTab'[39m,         [32m'handleDropdownAction'[39m,
  [32m'sendMessage'[39m,         [32m'edit'[39m,
  [32m'forward'[39m,             [32m'readBy'[39m,
  [32m'reply'[39m,               [32m'save'[39m,
  [32m'distribute'[39m,          [32m'forwardRemoteProject'[39m,
  [32m'dropDownListOnReply'[39m, [32m'editReply'[39m,
  [32m'readByReply'[39m,         [32m'deleteReply'[39m,
  [32m'delete'[39m,              [32m'clickAttachment'[39m,
  [32m'uploadImage'[39m,         [32m'clickSendMedia'[39m,
  [32m'uploadVideo'[39m,         [32m'uploadAudio'[39m,
  [32m'uploadDocument'[39m,      [32m'uploadLocation'[39m,
  [32m'imageReply'[39m,          [32m'history'[39m,
  [32m'pressReturnKey'[39m,      [32m'replyMediaForAccount'[39m,
  [32m'verifyPopupMessage'[39m
]
[INFO] 2025-12-15T09:43:55.474Z - close browser
]]>
</system-out>
</testcase>
</testsuite>
</testsuites>